<?xml version="1.0" encoding="UTF-8"?>
<!-- Generated by org.testng.reporters.JUnitReportReporter -->
<testsuite hostname="Shivanis-MacBook-Air.local" failures="0" tests="3" name="Rahulshettyacadamytest.testcomponents.Submitordertest" time="51.556" errors="0" timestamp="2024-08-13T13:48:05 PDT" skipped="0">
  <testcase classname="Rahulshettyacadamytest.testcomponents.Submitordertest" name="OrderHistoryPage" time="6.362"/>
  <system-out/>
  <testcase classname="Rahulshettyacadamytest.testcomponents.Submitordertest" name="submitorder1" time="20.025"/>
  <system-out/>
  <testcase classname="Rahulshettyacadamytest.testcomponents.Submitordertest" name="submitorder1" time="25.169"/>
  <system-out/>
</testsuite> <!-- Rahulshettyacadamytest.testcomponents.Submitordertest -->
