<?xml version="1.0" encoding="UTF-8"?>
<!-- Generated by org.testng.reporters.JUnitReportReporter -->
<testsuite hostname="Shivanis-MacBook-Air.local" failures="0" tests="2" name="Rahulshettyacadamytest.testcomponents.ErrorValidationtest" time="26.111" errors="0" timestamp="2024-08-13T13:48:05 PDT" skipped="0">
  <testcase classname="Rahulshettyacadamytest.testcomponents.ErrorValidationtest" name="producterrorvalidation" time="19.660"/>
  <system-out/>
  <testcase classname="Rahulshettyacadamytest.testcomponents.ErrorValidationtest" name="Loginerrorvalidation" time="6.451"/>
  <system-out/>
</testsuite> <!-- Rahulshettyacadamytest.testcomponents.ErrorValidationtest -->
