<?xml version="1.0" encoding="UTF-8"?>
<!-- Generated by org.testng.reporters.JUnitReportReporter -->
<testsuite hostname="Shivanis-MacBook-Air.local" failures="0" tests="1" name="stepdefination.TestRunner" time="6.643" errors="0" timestamp="2024-04-13T20:32:35 PDT" skipped="0">
  <testcase classname="stepdefination.TestRunner" name="runScenario" time="6.643"/>
</testsuite> <!-- stepdefination.TestRunner -->
