<?xml version="1.0" encoding="UTF-8"?>
<!-- Generated by org.testng.reporters.JUnitReportReporter -->
<testsuite hostname="Shivanis-MacBook-Air.local" failures="0" tests="2" name="testng.TestNGpractice1" time="11.879" errors="0" timestamp="2024-04-15T10:00:07 PDT" skipped="0">
  <testcase classname="testng.TestNGpractice1" name="testgoogle" time="4.880"/>
  <testcase classname="testng.TestNGpractice1" name="testfacebook" time="6.999"/>
</testsuite> <!-- testng.TestNGpractice1 -->
