<?xml version="1.0" encoding="UTF-8"?>
<!-- Generated by org.testng.reporters.JUnitReportReporter -->
<testsuite hostname="Shivanis-MacBook-Air.local" failures="0" tests="2" name="RunnerandfeaturefileUdemypractice.TestNGRunner" time="28.344" errors="0" timestamp="2024-08-19T13:57:27 PDT" skipped="0">
  <testcase classname="RunnerandfeaturefileUdemypractice.TestNGRunner" name="runScenario" time="19.443"/>
  <system-out/>
  <testcase classname="RunnerandfeaturefileUdemypractice.TestNGRunner" name="runScenario" time="8.901"/>
  <system-out/>
</testsuite> <!-- RunnerandfeaturefileUdemypractice.TestNGRunner -->
