<?xml version="1.0" encoding="UTF-8"?>
<!-- Generated by org.testng.reporters.JUnitReportReporter -->
<testsuite hostname="Shivanis-MacBook-Air.local" failures="0" tests="1" name="FrameworkPracticeudemy.frameworkpractice" time="30.758" errors="0" timestamp="2024-08-06T15:45:17 PDT" skipped="0">
  <testcase classname="FrameworkPracticeudemy.frameworkpractice" name="submitorder1" time="30.758"/>
  <system-out/>
</testsuite> <!-- FrameworkPracticeudemy.frameworkpractice -->
